<?xml version="1.0" encoding="UTF-8"?>
<testExecutions version="1">
    <file path="C:\repositorios\express-sonarqube\tests\index.test.js">
        <testCase name="Rota padrão Get na rota padrão do server" duration="58"/>
        <testCase name="EMPRESA Buscar lista de empresas" duration="45"/>
        <testCase name="EMPRESA Criar nova empresa" duration="41"/>
        <testCase name="EMPRESA Buscar empresa por código" duration="21"/>
        <testCase name="EMPRESA Atualizar Empresa" duration="23"/>
        <testCase name="USUARIOS Buscar Usuários" duration="22"/>
        <testCase name="USUARIOS Criar novo usuário" duration="20"/>
        <testCase name="USUARIOS Buscar Usuário por código" duration="23"/>
        <testCase name="USUARIOS Atualizar Usuário" duration="31"/>
        <testCase name="USUARIOS Excluir usuário" duration="20"/>
        <testCase name="EMPRESA Excluir empresa" duration="20"/>
    </file>
</testExecutions>