<?xml version="1.0" encoding="UTF-8"?>
<testExecutions version="1">
    <file path="C:\repositorios\faculdade\api-express-N1\tests\index.test.js">
        <testCase name="Post Endpoints should create a new post" duration="118"/>
    </file>
</testExecutions>